<?xml version="1.0" encoding="UTF-8"?>
<!-- Generated by org.testng.reporters.JUnitXMLReporter -->
<testsuite hostname="at02dava" name="ProjectsTest" tests="7" failures="4" timestamp="21 Dec 2016 13:34:25 GMT" time="44.623" errors="0">
  <testcase name="@AfterMethod logOutProfile" time="0.0" classname="org.fundacion.automation.projects.CreatePublicProjectTest">
    <failure type="java.lang.NullPointerException">
      <![CDATA[java.lang.NullPointerException
	at org.fundacion.automation.projects.CreatePublicProjectTest.logOutProfile(CreatePublicProjectTest.java:51)
... Removed 29 stack frames]]>
    </failure>
  </testcase> <!-- @AfterMethod logOutProfile -->
  <testcase name="@AfterMethod logOutProfile" time="0.0" classname="org.fundacion.automation.projects.ModifyProjectTest">
    <failure type="java.lang.NullPointerException">
      <![CDATA[java.lang.NullPointerException
	at org.fundacion.automation.projects.ModifyProjectTest.logOutProfile(ModifyProjectTest.java:53)
... Removed 29 stack frames]]>
    </failure>
  </testcase> <!-- @AfterMethod logOutProfile -->
  <testcase name="@AfterMethod logOutProfile" time="0.0" classname="org.fundacion.automation.projects.TestCreateAccount">
    <failure type="java.lang.NullPointerException">
      <![CDATA[java.lang.NullPointerException
	at org.fundacion.automation.projects.TestCreateAccount.logOutProfile(TestCreateAccount.java:50)
... Removed 29 stack frames]]>
    </failure>
  </testcase> <!-- @AfterMethod logOutProfile -->
  <testcase name="@BeforeMethod testCreateProject" time="0.0" classname="org.fundacion.automation.projects.TestDeleteProject">
    <failure type="org.openqa.selenium.NoSuchElementException" message="no such element: Unable to locate element: {&amp;quot;method&amp;quot;:&amp;quot;xpath&amp;quot;,&amp;quot;selector&amp;quot;:&amp;quot;//div[2]/button&amp;quot;}
  (Session info: chrome=55.0.2883.87)
  (Driver info: chromedriver=2.25.426923 (0390b88869384d6eb0d5d09729679f934aab9eed),platform=Windows NT 6.3.9600 x86_64) (WARNING: The server did not provide any stacktrace information)
Command duration or timeout: 14.13 seconds
For documentation on this error, please visit: http://seleniumhq.org/exceptions/no_such_element.html
Build info: version: &amp;apos;3.0.1&amp;apos;, revision: &amp;apos;1969d75&amp;apos;, time: &amp;apos;2016-10-18 09:49:13 -0700&amp;apos;
System info: host: &amp;apos;at02dava&amp;apos;, ip: &amp;apos;10.28.104.156&amp;apos;, os.name: &amp;apos;Windows Server 2012 R2&amp;apos;, os.arch: &amp;apos;amd64&amp;apos;, os.version: &amp;apos;6.3&amp;apos;, java.version: &amp;apos;1.8.0_101&amp;apos;
Driver info: org.openqa.selenium.chrome.ChromeDriver
Capabilities [{applicationCacheEnabled=false, rotatable=false, mobileEmulationEnabled=false, networkConnectionEnabled=false, chrome={chromedriverVersion=2.25.426923 (0390b88869384d6eb0d5d09729679f934aab9eed), userDataDir=C:\Users\ADMINI~1\AppData\Local\Temp\2\scoped_dir99256_17534}, takesHeapSnapshot=true, pageLoadStrategy=normal, databaseEnabled=false, handlesAlerts=true, hasTouchScreen=false, version=55.0.2883.87, platform=WIN8_1, browserConnectionEnabled=false, nativeEvents=true, acceptSslCerts=true, locationContextEnabled=true, webStorageEnabled=true, browserName=chrome, takesScreenshot=true, javascriptEnabled=true, cssSelectorsEnabled=true}]
Session ID: b466f42accbdc561ea32e8bbfed0df3f
*** Element info: {Using=xpath, value=//div[2]/button}">
      <![CDATA[org.openqa.selenium.NoSuchElementException: no such element: Unable to locate element: {"method":"xpath","selector":"//div[2]/button"}
  (Session info: chrome=55.0.2883.87)
  (Driver info: chromedriver=2.25.426923 (0390b88869384d6eb0d5d09729679f934aab9eed),platform=Windows NT 6.3.9600 x86_64) (WARNING: The server did not provide any stacktrace information)
Command duration or timeout: 14.13 seconds
For documentation on this error, please visit: http://seleniumhq.org/exceptions/no_such_element.html
Build info: version: '3.0.1', revision: '1969d75', time: '2016-10-18 09:49:13 -0700'
System info: host: 'at02dava', ip: '10.28.104.156', os.name: 'Windows Server 2012 R2', os.arch: 'amd64', os.version: '6.3', java.version: '1.8.0_101'
Driver info: org.openqa.selenium.chrome.ChromeDriver
Capabilities [{applicationCacheEnabled=false, rotatable=false, mobileEmulationEnabled=false, networkConnectionEnabled=false, chrome={chromedriverVersion=2.25.426923 (0390b88869384d6eb0d5d09729679f934aab9eed), userDataDir=C:\Users\ADMINI~1\AppData\Local\Temp\2\scoped_dir99256_17534}, takesHeapSnapshot=true, pageLoadStrategy=normal, databaseEnabled=false, handlesAlerts=true, hasTouchScreen=false, version=55.0.2883.87, platform=WIN8_1, browserConnectionEnabled=false, nativeEvents=true, acceptSslCerts=true, locationContextEnabled=true, webStorageEnabled=true, browserName=chrome, takesScreenshot=true, javascriptEnabled=true, cssSelectorsEnabled=true}]
Session ID: b466f42accbdc561ea32e8bbfed0df3f
*** Element info: {Using=xpath, value=//div[2]/button}
	at org.openqa.selenium.remote.ErrorHandler.createThrowable(ErrorHandler.java:216)
	at org.openqa.selenium.remote.ErrorHandler.throwIfResponseFailed(ErrorHandler.java:168)
	at org.openqa.selenium.remote.RemoteWebDriver.execute(RemoteWebDriver.java:635)
	at org.openqa.selenium.remote.RemoteWebDriver.findElement(RemoteWebDriver.java:368)
	at org.openqa.selenium.remote.RemoteWebDriver.findElementByXPath(RemoteWebDriver.java:473)
	at org.openqa.selenium.By$ByXPath.findElement(By.java:361)
	at org.openqa.selenium.remote.RemoteWebDriver.findElement(RemoteWebDriver.java:360)
	at org.openqa.selenium.support.pagefactory.DefaultElementLocator.findElement(DefaultElementLocator.java:69)
	at org.openqa.selenium.support.pagefactory.internal.LocatingElementHandler.invoke(LocatingElementHandler.java:38)
	at com.sun.proxy.$Proxy8.click(Unknown Source)
	at org.fundacion.pages.home.HomePage.clickCreateProject(HomePage.java:56)
	at org.fundacion.automation.projects.TestDeleteProject.testCreateProject(TestDeleteProject.java:28)
... Removed 33 stack frames]]>
    </failure>
  </testcase> <!-- @BeforeMethod testCreateProject -->
  <testcase name="createPrivateProject" time="15.626" classname="org.fundacion.automation.projects.CreatePrivateProjectTest"/>
  <testcase name="testCreatePublicProject" time="0.0" classname="org.fundacion.automation.projects.CreatePublicProjectTest">
    <failure type="java.lang.NullPointerException">
      <![CDATA[java.lang.NullPointerException
	at org.fundacion.automation.projects.CreatePublicProjectTest.testCreatePublicProject(CreatePublicProjectTest.java:28)
... Removed 27 stack frames]]>
    </failure>
  </testcase> <!-- testCreatePublicProject -->
  <testcase name="testCreateProject" time="0.0" classname="org.fundacion.automation.projects.ModifyProjectTest">
    <failure type="java.lang.NullPointerException">
      <![CDATA[java.lang.NullPointerException
	at org.fundacion.automation.projects.ModifyProjectTest.testCreateProject(ModifyProjectTest.java:25)
... Removed 27 stack frames]]>
    </failure>
  </testcase> <!-- testCreateProject -->
  <testcase name="createProjectWithNewAccountTest" time="0.001" classname="org.fundacion.automation.projects.TestCreateAccount">
    <failure type="java.lang.NullPointerException">
      <![CDATA[java.lang.NullPointerException
	at org.fundacion.automation.projects.TestCreateAccount.createProjectWithNewAccountTest(TestCreateAccount.java:32)
... Removed 27 stack frames]]>
    </failure>
  </testcase> <!-- createProjectWithNewAccountTest -->
  <testcase name="verifyIfProjectIsCreated" time="10.861" classname="org.fundacion.automation.projects.TestCreateProject"/>
  <testcase name="testDeleteProject" time="0.0" classname="org.fundacion.automation.projects.TestDeleteProject">
    <skipped/>
  </testcase> <!-- testDeleteProject -->
  <testcase name="testDeleteProject" time="16.127" classname="org.fundacion.automation.projects.TestDeleteProject">
    <failure type="java.lang.NullPointerException">
      <![CDATA[java.lang.NullPointerException
	at java.util.regex.Matcher.getTextLength(Matcher.java:1283)
	at java.util.regex.Matcher.reset(Matcher.java:309)
	at java.util.regex.Matcher.<init>(Matcher.java:229)
	at java.util.regex.Pattern.matcher(Pattern.java:1093)
	at com.aventstack.extentreports.utils.ExceptionUtil.getExceptionHeadline(ExceptionUtil.java:25)
	at com.aventstack.extentreports.ExtentTest.log(ExtentTest.java:391)
	at com.aventstack.extentreports.ExtentTest.skip(ExtentTest.java:937)
	at com.aventstack.extentreports.ExtentTest.skip(ExtentTest.java:949)
	at org.fundacion.common.listener.ExtentListener.onTestSkipped(ExtentListener.java:64)
... Removed 24 stack frames]]>
    </failure>
  </testcase> <!-- testDeleteProject -->
</testsuite> <!-- ProjectsTest -->
